<?xml version="1.0" encoding="UTF-8"?>
<!-- Generated by org.testng.reporters.JUnitXMLReporter -->
<testsuite hostname="Tamanna" ignored="0" name="Before Test After Test" tests="4" failures="0" timestamp="2021-03-13T21:11:01 BDT" time="0.126" errors="0">
  <testcase name="testcase1" time="0.0" classname="testng_Annotations.Methods"/>
  <testcase name="testcase2" time="0.0" classname="testng_Annotations.Methods"/>
  <testcase name="testcase3" time="0.0" classname="testng_Annotations.Methods2"/>
  <testcase name="testcase4" time="0.006" classname="testng_Annotations.Methods2"/>
</testsuite> <!-- Before Test After Test -->
