<?xml version="1.0" encoding="UTF-8"?>
<!-- Generated by org.testng.reporters.JUnitXMLReporter -->
<testsuite hostname="Tamanna" ignored="0" name="Test4" tests="6" failures="0" timestamp="2021-03-14T09:33:56 BDT" time="0.177" errors="0">
  <testcase name="test1" time="0.023" classname="testng_Annotations.GroupTestsEx"/>
  <testcase name="test2" time="0.0" classname="testng_Annotations.GroupTestsEx"/>
  <testcase name="test3" time="0.016" classname="testng_Annotations.GroupTestsEx"/>
  <testcase name="test4" time="0.0" classname="testng_Annotations.GroupTestsEx"/>
  <testcase name="test5" time="0.0" classname="testng_Annotations.GroupTestsEx"/>
  <testcase name="test6" time="0.0" classname="testng_Annotations.GroupTestsEx"/>
</testsuite> <!-- Test4 -->
