<?xml version="1.0" encoding="UTF-8"?>
<testng-results skipped="0" failed="0" ignored="0" total="1" passed="1">
  <reporter-output>
  </reporter-output>
  <suite name="Default suite" duration-ms="26695" started-at="2021-03-20T15:58:14 BDT" finished-at="2021-03-20T15:58:41 BDT">
    <groups>
    </groups>
    <test name="Default test" duration-ms="26695" started-at="2021-03-20T15:58:14 BDT" finished-at="2021-03-20T15:58:41 BDT">
      <class name="Katalon_Recoder">
        <test-method status="PASS" signature="setUp()[pri:0, instance:Katalon_Recoder@6a1aab78]" name="setUp" is-config="true" duration-ms="9416" started-at="2021-03-20T15:58:14 BDT" finished-at="2021-03-20T15:58:24 BDT">
          <reporter-output>
          </reporter-output>
        </test-method> <!-- setUp -->
        <test-method status="PASS" signature="testUntitledTestCase()[pri:0, instance:Katalon_Recoder@6a1aab78]" name="testUntitledTestCase" duration-ms="15632" started-at="2021-03-20T15:58:24 BDT" finished-at="2021-03-20T15:58:39 BDT">
          <reporter-output>
          </reporter-output>
        </test-method> <!-- testUntitledTestCase -->
        <test-method status="PASS" signature="tearDown()[pri:0, instance:Katalon_Recoder@6a1aab78]" name="tearDown" is-config="true" duration-ms="1560" started-at="2021-03-20T15:58:39 BDT" finished-at="2021-03-20T15:58:41 BDT">
          <reporter-output>
          </reporter-output>
        </test-method> <!-- tearDown -->
      </class> <!-- Katalon_Recoder -->
    </test> <!-- Default test -->
  </suite> <!-- Default suite -->
</testng-results>
