<?xml version="1.0" encoding="UTF-8"?>
<!-- Generated by org.testng.reporters.JUnitXMLReporter -->
<testsuite hostname="Tamanna" ignored="1" name="Test3" tests="6" failures="0" timestamp="2021-03-13T18:39:52 BDT" time="81.659" errors="0">
  <testcase name="loginpass" time="12.052" classname="testngXML.Test1"/>
  <testcase name="incorrectusername" time="4.549" classname="testngXML.Test2"/>
  <testcase name="incorrectpassword" time="4.319" classname="testngXML.Test3"/>
  <testcase name="clickwithoutu_name" time="3.739" classname="testngXML.Test4"/>
  <testcase name="clickwithoutPassword" time="3.808" classname="testngXML.Test5"/>
  <testcase name="incorrectpassword" time="4.401" classname="testngXML.Test6"/>
  <testcase name="validlogin" time="0.0" classname="testngXML.Test6">
    <ignored/>
  </testcase> <!-- validlogin -->
</testsuite> <!-- Test3 -->
